<?xml version="1.0" encoding="UTF-8"?>
<testng-results ignored="0" total="1" passed="1" failed="0" skipped="0">
  <reporter-output>
  </reporter-output>
  <suite started-at="2019-07-01T09:56:27Z" name="Default suite" finished-at="2019-07-01T09:57:35Z" duration-ms="68019">
    <groups>
    </groups>
    <test started-at="2019-07-01T09:56:27Z" name="Default test" finished-at="2019-07-01T09:57:35Z" duration-ms="68019">
      <class name="Com.Infogain.Automation.Bookmyshow.BookMyshowTest">
        <test-method is-config="true" signature="Configration()[pri:0, instance:Com.Infogain.Automation.Bookmyshow.BookMyshowTest@6db9f5a4]" started-at="2019-07-01T09:56:27Z" name="Configration" finished-at="2019-07-01T09:56:52Z" duration-ms="25008" status="PASS">
          <reporter-output>
          </reporter-output>
        </test-method> <!-- Configration -->
        <test-method is-config="true" signature="tearDown()[pri:0, instance:Com.Infogain.Automation.Bookmyshow.BookMyshowTest@6db9f5a4]" started-at="2019-07-01T09:56:52Z" name="tearDown" finished-at="2019-07-01T09:56:52Z" duration-ms="0" status="PASS">
          <reporter-output>
          </reporter-output>
        </test-method> <!-- tearDown -->
        <test-method signature="bookMyShowLanding()[pri:1, instance:Com.Infogain.Automation.Bookmyshow.BookMyshowTest@6db9f5a4]" started-at="2019-07-01T09:56:52Z" name="bookMyShowLanding" finished-at="2019-07-01T09:57:35Z" duration-ms="42967" status="PASS">
          <reporter-output>
          </reporter-output>
        </test-method> <!-- bookMyShowLanding -->
      </class> <!-- Com.Infogain.Automation.Bookmyshow.BookMyshowTest -->
    </test> <!-- Default test -->
  </suite> <!-- Default suite -->
</testng-results>
