<?xml version="1.0" encoding="UTF-8"?>
<testng-results skipped="3" failed="0" total="5" passed="2">
  <reporter-output>
  </reporter-output>
  <suite name="Default suite" duration-ms="88031" started-at="2019-08-21T05:53:00Z" finished-at="2019-08-21T05:54:28Z">
    <groups>
    </groups>
    <test name="Default test" duration-ms="88031" started-at="2019-08-21T05:53:00Z" finished-at="2019-08-21T05:54:28Z">
      <class name="qa.testcases.LoginTest">
        <test-method status="PASS" signature="setUp()[pri:0, instance:qa.testcases.LoginTest@6d7b4f4c]" name="setUp" is-config="true" duration-ms="15828" started-at="2019-08-21T11:23:00Z" finished-at="2019-08-21T11:23:16Z">
          <reporter-output>
          </reporter-output>
        </test-method> <!-- setUp -->
        <test-method status="PASS" signature="AdminLogin()[pri:1, instance:qa.testcases.LoginTest@6d7b4f4c]" name="AdminLogin" duration-ms="6434" started-at="2019-08-21T11:23:16Z" finished-at="2019-08-21T11:23:22Z">
          <reporter-output>
          </reporter-output>
        </test-method> <!-- AdminLogin -->
        <test-method status="PASS" signature="tearDown()[pri:0, instance:qa.testcases.LoginTest@6d7b4f4c]" name="tearDown" is-config="true" duration-ms="771" started-at="2019-08-21T11:23:22Z" finished-at="2019-08-21T11:23:23Z">
          <reporter-output>
          </reporter-output>
        </test-method> <!-- tearDown -->
        <test-method status="PASS" signature="setUp()[pri:0, instance:qa.testcases.LoginTest@6d7b4f4c]" name="setUp" is-config="true" duration-ms="14136" started-at="2019-08-21T11:23:23Z" finished-at="2019-08-21T11:23:37Z">
          <reporter-output>
          </reporter-output>
        </test-method> <!-- setUp -->
        <test-method status="PASS" signature="AdminLogin(java.lang.String)[pri:2, instance:qa.testcases.LoginTest@6d7b4f4c]" name="AdminLogin" duration-ms="6541" started-at="2019-08-21T11:23:37Z" data-provider="data-provider" finished-at="2019-08-21T11:23:44Z">
          <params>
            <param index="0">
              <value>
                <![CDATA[admin@ba.com]]>
              </value>
            </param>
          </params>
          <reporter-output>
          </reporter-output>
        </test-method> <!-- AdminLogin -->
        <test-method status="PASS" signature="tearDown()[pri:0, instance:qa.testcases.LoginTest@6d7b4f4c]" name="tearDown" is-config="true" duration-ms="746" started-at="2019-08-21T11:23:44Z" finished-at="2019-08-21T11:23:44Z">
          <reporter-output>
          </reporter-output>
        </test-method> <!-- tearDown -->
        <test-method status="FAIL" signature="setUp()[pri:0, instance:qa.testcases.LoginTest@6d7b4f4c]" name="setUp" is-config="true" duration-ms="0" started-at="2019-08-21T11:23:44Z" finished-at="2019-08-21T11:23:44Z">
          <exception class="org.openqa.selenium.WebDriverException">
            <message>
              <![CDATA[chrome not reachable
  (Session info: chrome=76.0.3809.100)
Build info: version: '3.141.59', revision: 'e82be7d358', time: '2018-11-14T08:17:03'
System info: host: 'VENDORLAPTOP-41', ip: '192.168.134.238', os.name: 'Windows 10', os.arch: 'amd64', os.version: '10.0', java.version: '1.8.0_91'
Driver info: org.openqa.selenium.chrome.ChromeDriver
Capabilities {acceptInsecureCerts: false, browserName: chrome, browserVersion: 76.0.3809.100, chrome: {chromedriverVersion: 76.0.3809.68 (420c9498db8ce..., userDataDir: C:\Users\vbhagat\AppData\Lo...}, goog:chromeOptions: {debuggerAddress: localhost:56587}, javascriptEnabled: true, networkConnectionEnabled: false, pageLoadStrategy: normal, platform: XP, platformName: XP, proxy: Proxy(), setWindowRect: true, strictFileInteractability: false, timeouts: {implicit: 0, pageLoad: 300000, script: 30000}, unhandledPromptBehavior: dismiss and notify}
Session ID: 52d3b0e093cb9fa890df6dc16ba43724]]>
            </message>
            <full-stacktrace>
              <![CDATA[org.openqa.selenium.WebDriverException: chrome not reachable
  (Session info: chrome=76.0.3809.100)
Build info: version: '3.141.59', revision: 'e82be7d358', time: '2018-11-14T08:17:03'
System info: host: 'VENDORLAPTOP-41', ip: '192.168.134.238', os.name: 'Windows 10', os.arch: 'amd64', os.version: '10.0', java.version: '1.8.0_91'
Driver info: org.openqa.selenium.chrome.ChromeDriver
Capabilities {acceptInsecureCerts: false, browserName: chrome, browserVersion: 76.0.3809.100, chrome: {chromedriverVersion: 76.0.3809.68 (420c9498db8ce..., userDataDir: C:\Users\vbhagat\AppData\Lo...}, goog:chromeOptions: {debuggerAddress: localhost:56587}, javascriptEnabled: true, networkConnectionEnabled: false, pageLoadStrategy: normal, platform: XP, platformName: XP, proxy: Proxy(), setWindowRect: true, strictFileInteractability: false, timeouts: {implicit: 0, pageLoad: 300000, script: 30000}, unhandledPromptBehavior: dismiss and notify}
Session ID: 52d3b0e093cb9fa890df6dc16ba43724
	at sun.reflect.NativeConstructorAccessorImpl.newInstance0(Native Method)
	at sun.reflect.NativeConstructorAccessorImpl.newInstance(Unknown Source)
	at sun.reflect.DelegatingConstructorAccessorImpl.newInstance(Unknown Source)
	at java.lang.reflect.Constructor.newInstance(Unknown Source)
	at org.openqa.selenium.remote.http.W3CHttpResponseCodec.createException(W3CHttpResponseCodec.java:187)
	at org.openqa.selenium.remote.http.W3CHttpResponseCodec.decode(W3CHttpResponseCodec.java:122)
	at org.openqa.selenium.remote.http.W3CHttpResponseCodec.decode(W3CHttpResponseCodec.java:49)
	at org.openqa.selenium.remote.HttpCommandExecutor.execute(HttpCommandExecutor.java:158)
	at org.openqa.selenium.remote.service.DriverCommandExecutor.execute(DriverCommandExecutor.java:83)
	at org.openqa.selenium.remote.RemoteWebDriver.execute(RemoteWebDriver.java:552)
	at org.openqa.selenium.remote.RemoteWebDriver.get(RemoteWebDriver.java:277)
	at qa.base.TestBase.setup(TestBase.java:61)
	at qa.testcases.LoginTest.setUp(LoginTest.java:43)
	at sun.reflect.NativeMethodAccessorImpl.invoke0(Native Method)
	at sun.reflect.NativeMethodAccessorImpl.invoke(Unknown Source)
	at sun.reflect.DelegatingMethodAccessorImpl.invoke(Unknown Source)
	at java.lang.reflect.Method.invoke(Unknown Source)
	at org.testng.internal.MethodInvocationHelper.invokeMethod(MethodInvocationHelper.java:86)
	at org.testng.internal.Invoker.invokeConfigurationMethod(Invoker.java:515)
	at org.testng.internal.Invoker.invokeConfigurations(Invoker.java:216)
	at org.testng.internal.Invoker.invokeMethod(Invoker.java:590)
	at org.testng.internal.Invoker.invokeTestMethod(Invoker.java:823)
	at org.testng.internal.Invoker.invokeTestMethods(Invoker.java:1131)
	at org.testng.internal.TestMethodWorker.invokeTestMethods(TestMethodWorker.java:129)
	at org.testng.internal.TestMethodWorker.run(TestMethodWorker.java:112)
	at org.testng.TestRunner.privateRun(TestRunner.java:778)
	at org.testng.TestRunner.run(TestRunner.java:632)
	at org.testng.SuiteRunner.runTest(SuiteRunner.java:366)
	at org.testng.SuiteRunner.runSequentially(SuiteRunner.java:361)
	at org.testng.SuiteRunner.privateRun(SuiteRunner.java:319)
	at org.testng.SuiteRunner.run(SuiteRunner.java:268)
	at org.testng.SuiteRunnerWorker.runSuite(SuiteRunnerWorker.java:52)
	at org.testng.SuiteRunnerWorker.run(SuiteRunnerWorker.java:86)
	at org.testng.TestNG.runSuitesSequentially(TestNG.java:1225)
	at org.testng.TestNG.runSuitesLocally(TestNG.java:1150)
	at org.testng.TestNG.runSuites(TestNG.java:1075)
	at org.testng.TestNG.run(TestNG.java:1047)
	at org.testng.remote.AbstractRemoteTestNG.run(AbstractRemoteTestNG.java:126)
	at org.testng.remote.RemoteTestNG.initAndRun(RemoteTestNG.java:137)
	at org.testng.remote.RemoteTestNG.main(RemoteTestNG.java:58)
]]>
            </full-stacktrace>
          </exception> <!-- org.openqa.selenium.WebDriverException -->
          <reporter-output>
          </reporter-output>
        </test-method> <!-- setUp -->
        <test-method status="SKIP" signature="AdminLogin(java.lang.String)[pri:2, instance:qa.testcases.LoginTest@6d7b4f4c]" name="AdminLogin" duration-ms="2" started-at="2019-08-21T11:24:28Z" data-provider="data-provider" finished-at="2019-08-21T11:24:28Z">
          <params>
            <param index="0">
              <value>
                <![CDATA[admin@ba.com]]>
              </value>
            </param>
          </params>
          <reporter-output>
          </reporter-output>
        </test-method> <!-- AdminLogin -->
        <test-method status="SKIP" signature="tearDown()[pri:0, instance:qa.testcases.LoginTest@6d7b4f4c]" name="tearDown" is-config="true" duration-ms="0" started-at="2019-08-21T11:24:28Z" finished-at="2019-08-21T11:24:28Z">
          <reporter-output>
          </reporter-output>
        </test-method> <!-- tearDown -->
        <test-method status="SKIP" signature="setUp()[pri:0, instance:qa.testcases.LoginTest@6d7b4f4c]" name="setUp" is-config="true" duration-ms="0" started-at="2019-08-21T11:24:28Z" finished-at="2019-08-21T11:24:28Z">
          <reporter-output>
          </reporter-output>
        </test-method> <!-- setUp -->
        <test-method status="SKIP" signature="add_Project()[pri:3, instance:qa.testcases.LoginTest@6d7b4f4c]" name="add_Project" duration-ms="1" started-at="2019-08-21T11:24:28Z" finished-at="2019-08-21T11:24:28Z">
          <reporter-output>
          </reporter-output>
        </test-method> <!-- add_Project -->
        <test-method status="SKIP" signature="tearDown()[pri:0, instance:qa.testcases.LoginTest@6d7b4f4c]" name="tearDown" is-config="true" duration-ms="0" started-at="2019-08-21T11:24:28Z" finished-at="2019-08-21T11:24:28Z">
          <reporter-output>
          </reporter-output>
        </test-method> <!-- tearDown -->
        <test-method status="SKIP" signature="setUp()[pri:0, instance:qa.testcases.LoginTest@6d7b4f4c]" name="setUp" is-config="true" duration-ms="0" started-at="2019-08-21T11:24:28Z" finished-at="2019-08-21T11:24:28Z">
          <reporter-output>
          </reporter-output>
        </test-method> <!-- setUp -->
        <test-method status="SKIP" signature="add_Client()[pri:4, instance:qa.testcases.LoginTest@6d7b4f4c]" name="add_Client" duration-ms="1" started-at="2019-08-21T11:24:28Z" finished-at="2019-08-21T11:24:28Z">
          <reporter-output>
          </reporter-output>
        </test-method> <!-- add_Client -->
        <test-method status="SKIP" signature="tearDown()[pri:0, instance:qa.testcases.LoginTest@6d7b4f4c]" name="tearDown" is-config="true" duration-ms="0" started-at="2019-08-21T11:24:28Z" finished-at="2019-08-21T11:24:28Z">
          <reporter-output>
          </reporter-output>
        </test-method> <!-- tearDown -->
      </class> <!-- qa.testcases.LoginTest -->
    </test> <!-- Default test -->
  </suite> <!-- Default suite -->
</testng-results>
