<?xml version="1.0" encoding="UTF-8"?>
<!-- Generated by org.testng.reporters.JUnitXMLReporter -->
<testsuite ignored="3" hostname="VirendraBhagat" failures="0" tests="1" name="Default test(failed)(failed)" time="18.744" errors="0" timestamp="01 Jul 2019 10:45:15 GMT">
  <testcase classname="qa.testcases.LoginTest" name="add_Project" time="11.353"/>
  <testcase classname="qa.testcases.LoginTest" name="add_Client" time="0.0">
    <ignored/>
  </testcase> <!-- add_Client -->
  <testcase classname="qa.testcases.LoginTest" name="AdminLogin" time="0.0">
    <ignored/>
  </testcase> <!-- AdminLogin -->
  <testcase classname="qa.testcases.LoginTest" name="AdminLogin" time="0.0">
    <ignored/>
  </testcase> <!-- AdminLogin -->
</testsuite> <!-- Default test(failed)(failed) -->
