<?xml version="1.0" encoding="UTF-8"?>
<!-- Generated by org.testng.reporters.JUnitXMLReporter -->
<testsuite ignored="0" hostname="VirendraBhagat" failures="0" tests="5" name="Default test(failed)" time="76.408" errors="0" timestamp="01 Jul 2019 11:20:52 GMT">
  <testcase classname="qa.testcases.LoginTest" name="AdminLogin" time="5.922"/>
  <testcase classname="qa.testcases.LoginTest" name="AdminLogin" time="5.764"/>
  <testcase classname="qa.testcases.LoginTest" name="AdminLogin" time="7.073"/>
  <testcase classname="qa.testcases.LoginTest" name="add_Project" time="11.661"/>
  <testcase classname="qa.testcases.LoginTest" name="add_Client" time="11.573"/>
</testsuite> <!-- Default test(failed) -->
